e:\github\wyd-spirit-destiny\release\output\database.pch
e:\github\wyd-spirit-destiny\release\output\vc142.pdb
e:\github\wyd-spirit-destiny\release\output\pch.obj
e:\github\wyd-spirit-destiny\release\output\startupconstants.obj
e:\github\wyd-spirit-destiny\release\output\nakedhooks.obj
e:\github\wyd-spirit-destiny\release\output\dllmain.obj
e:\github\wyd-spirit-destiny\release\output\cmain.obj
e:\github\wyd-spirit-destiny\release\output\chook.obj
e:\github\wyd-spirit-destiny\release\database.ipdb
e:\github\wyd-spirit-destiny\release\database.iobj
e:\github\wyd-spirit-destiny\release\database.dll
e:\github\wyd-spirit-destiny\release\database.pdb
e:\github\wyd-spirit-destiny\\release\database.pdb
e:\github\wyd-spirit-destiny\release\output\database.tlog\cl.command.1.tlog
e:\github\wyd-spirit-destiny\release\output\database.tlog\cl.read.1.tlog
e:\github\wyd-spirit-destiny\release\output\database.tlog\cl.write.1.tlog
e:\github\wyd-spirit-destiny\release\output\database.tlog\database.write.1u.tlog
e:\github\wyd-spirit-destiny\release\output\database.tlog\link.command.1.tlog
e:\github\wyd-spirit-destiny\release\output\database.tlog\link.read.1.tlog
e:\github\wyd-spirit-destiny\release\output\database.tlog\link.write.1.tlog
