e:\github\wyd-spirit-destiny\release\output\gameserver.pch
e:\github\wyd-spirit-destiny\release\output\vc142.pdb
e:\github\wyd-spirit-destiny\release\output\pch.obj
e:\github\wyd-spirit-destiny\release\output\nakedhooks.obj
e:\github\wyd-spirit-destiny\release\output\mainload.obj
e:\github\wyd-spirit-destiny\release\output\luauser.obj
e:\github\wyd-spirit-destiny\release\output\luaset.obj
e:\github\wyd-spirit-destiny\release\output\luasend.obj
e:\github\wyd-spirit-destiny\release\output\luamob.obj
e:\github\wyd-spirit-destiny\release\output\lualog.obj
e:\github\wyd-spirit-destiny\release\output\luaitemlist.obj
e:\github\wyd-spirit-destiny\release\output\luaitem.obj
e:\github\wyd-spirit-destiny\release\output\luaget.obj
e:\github\wyd-spirit-destiny\release\output\luaextra.obj
e:\github\wyd-spirit-destiny\release\output\luaexport.obj
e:\github\wyd-spirit-destiny\release\output\hookstrings.obj
e:\github\wyd-spirit-destiny\release\output\globalpointer.obj
e:\github\wyd-spirit-destiny\release\output\dllmain.obj
e:\github\wyd-spirit-destiny\release\output\deactiveoriginals.obj
e:\github\wyd-spirit-destiny\release\output\cuseitem.obj
e:\github\wyd-spirit-destiny\release\output\cmain.obj
e:\github\wyd-spirit-destiny\release\output\chook.obj
e:\github\wyd-spirit-destiny\release\output\cextra.obj
e:\github\wyd-spirit-destiny\release\output\startupconstants.obj
e:\github\wyd-spirit-destiny\release\output\sendedpackets.obj
e:\github\wyd-spirit-destiny\release\output\receivedpackets.obj
e:\github\wyd-spirit-destiny\release\output\packetcontroller.obj
e:\github\wyd-spirit-destiny\release\gameserver.ipdb
e:\github\wyd-spirit-destiny\release\gameserver.iobj
e:\github\wyd-spirit-destiny\release\lua.dll
e:\github\wyd-spirit-destiny\release\pugixml.dll
e:\github\wyd-spirit-destiny\release\gameserver.dll
e:\github\wyd-spirit-destiny\release\gameserver.pdb
e:\github\wyd-spirit-destiny\\release\gameserver.pdb
e:\github\wyd-spirit-destiny\release\output\gameserver.tlog\cl.command.1.tlog
e:\github\wyd-spirit-destiny\release\output\gameserver.tlog\cl.read.1.tlog
e:\github\wyd-spirit-destiny\release\output\gameserver.tlog\cl.write.1.tlog
e:\github\wyd-spirit-destiny\release\output\gameserver.tlog\gameserver.write.1u.tlog
e:\github\wyd-spirit-destiny\release\output\gameserver.tlog\link.command.1.tlog
e:\github\wyd-spirit-destiny\release\output\gameserver.tlog\link.read.1.tlog
e:\github\wyd-spirit-destiny\release\output\gameserver.tlog\link.write.1.tlog
