  pch.cpp
  CAttack.cpp
  CDeleteItem.cpp
  CExtra.cpp
  CHook.cpp
  CMain.cpp
  CMobKilled.cpp
  CQuest.cpp
  CRequestSell.cpp
  CStoreBuy.cpp
  CUseItem.cpp
  CWhisper.cpp
  DeactiveOriginals.cpp
  dllmain.cpp
  GlobalPointer.cpp
  HookStrings.cpp
  LuaExport.cpp
  LuaExtra.cpp
  LuaGet.cpp
  LuaItem.cpp
  LuaItemList.cpp
  Compilando...
  LuaLog.cpp
  LuaMob.cpp
  LuaSend.cpp
  LuaSet.cpp
  LuaUser.cpp
  MainLoad.cpp
  NakedHooks.cpp
  PacketController.cpp
  ReceivedPackets.cpp
  SendedPackets.cpp
  StartupConstants.cpp
  Gerando código
  Previous IPDB not found, fall back to full compilation.
  All 710 functions were compiled because no usable IPDB/IOBJ from previous compilation was found.
  Finalizada a geração de código
  GameServer.vcxproj -> E:\Github\wyd-spirit-destiny\Release\GameServer.dll
